[2022-07-25 19:31:26,108: WARNING/MainProcess] /home/guest/Desktop/venv/lib/python3.8/site-packages/celery/app/utils.py:204: CDeprecationWarning: 
    The 'CELERY_TIMEZONE' setting is deprecated and scheduled for removal in
    version 6.0.0. Use the timezone instead

  deprecated.warn(description=f'The {setting!r} setting',

[2022-07-25 19:31:26,109: WARNING/MainProcess] /home/guest/Desktop/venv/lib/python3.8/site-packages/celery/app/utils.py:204: CDeprecationWarning: 
    The 'CELERY_RESULT_SERIALIZER' setting is deprecated and scheduled for removal in
    version 6.0.0. Use the result_serializer instead

  deprecated.warn(description=f'The {setting!r} setting',

[2022-07-25 19:31:26,109: WARNING/MainProcess] /home/guest/Desktop/venv/lib/python3.8/site-packages/celery/app/utils.py:204: CDeprecationWarning: 
    The 'CELERY_TASK_SERIALIZER' setting is deprecated and scheduled for removal in
    version 6.0.0. Use the task_serializer instead

  deprecated.warn(description=f'The {setting!r} setting',

[2022-07-25 19:31:26,110: WARNING/MainProcess] /home/guest/Desktop/venv/lib/python3.8/site-packages/celery/app/utils.py:204: CDeprecationWarning: 
    The 'CELERY_RESULT_BACKEND' setting is deprecated and scheduled for removal in
    version 6.0.0. Use the result_backend instead

  deprecated.warn(description=f'The {setting!r} setting',

[2022-07-25 19:31:26,512: INFO/MainProcess] Connected to redis://127.0.0.1:6379//
[2022-07-25 19:31:26,520: INFO/MainProcess] mingle: searching for neighbors
[2022-07-25 19:31:27,543: INFO/MainProcess] mingle: all alone
[2022-07-25 19:31:27,568: WARNING/MainProcess] /home/guest/Desktop/venv/lib/python3.8/site-packages/celery/fixups/django.py:203: UserWarning: Using settings.DEBUG leads to a memory
            leak, never use this setting in production environments!
  warnings.warn('''Using settings.DEBUG leads to a memory

[2022-07-25 19:34:00,053: INFO/MainProcess] Task ticker_management.tasks.callticker[40c52394-0718-4b4e-abf6-3db6ff325c87] received
[2022-07-25 19:41:24,363: WARNING/MainProcess] /home/guest/Desktop/venv/lib/python3.8/site-packages/celery/app/utils.py:204: CDeprecationWarning: 
    The 'CELERY_RESULT_SERIALIZER' setting is deprecated and scheduled for removal in
    version 6.0.0. Use the result_serializer instead

  deprecated.warn(description=f'The {setting!r} setting',

[2022-07-25 19:41:24,364: WARNING/MainProcess] /home/guest/Desktop/venv/lib/python3.8/site-packages/celery/app/utils.py:204: CDeprecationWarning: 
    The 'CELERY_TASK_SERIALIZER' setting is deprecated and scheduled for removal in
    version 6.0.0. Use the task_serializer instead

  deprecated.warn(description=f'The {setting!r} setting',

[2022-07-25 19:41:24,364: WARNING/MainProcess] /home/guest/Desktop/venv/lib/python3.8/site-packages/celery/app/utils.py:204: CDeprecationWarning: 
    The 'CELERY_RESULT_BACKEND' setting is deprecated and scheduled for removal in
    version 6.0.0. Use the result_backend instead

  deprecated.warn(description=f'The {setting!r} setting',

[2022-07-25 19:41:24,365: WARNING/MainProcess] /home/guest/Desktop/venv/lib/python3.8/site-packages/celery/app/utils.py:204: CDeprecationWarning: 
    The 'CELERY_TIMEZONE' setting is deprecated and scheduled for removal in
    version 6.0.0. Use the timezone instead

  deprecated.warn(description=f'The {setting!r} setting',

[2022-07-25 19:41:24,819: INFO/MainProcess] Connected to redis://127.0.0.1:6379//
[2022-07-25 19:41:24,825: INFO/MainProcess] mingle: searching for neighbors
[2022-07-25 19:41:25,842: INFO/MainProcess] mingle: all alone
[2022-07-25 19:41:25,866: WARNING/MainProcess] /home/guest/Desktop/venv/lib/python3.8/site-packages/celery/fixups/django.py:203: UserWarning: Using settings.DEBUG leads to a memory
            leak, never use this setting in production environments!
  warnings.warn('''Using settings.DEBUG leads to a memory

[2022-07-26 10:26:17,339: WARNING/MainProcess] /home/guest/Desktop/venv/lib/python3.8/site-packages/celery/app/utils.py:204: CDeprecationWarning: 
    The 'CELERY_TASK_SERIALIZER' setting is deprecated and scheduled for removal in
    version 6.0.0. Use the task_serializer instead

  deprecated.warn(description=f'The {setting!r} setting',

[2022-07-26 10:26:17,340: WARNING/MainProcess] /home/guest/Desktop/venv/lib/python3.8/site-packages/celery/app/utils.py:204: CDeprecationWarning: 
    The 'CELERY_RESULT_SERIALIZER' setting is deprecated and scheduled for removal in
    version 6.0.0. Use the result_serializer instead

  deprecated.warn(description=f'The {setting!r} setting',

[2022-07-26 10:26:17,340: WARNING/MainProcess] /home/guest/Desktop/venv/lib/python3.8/site-packages/celery/app/utils.py:204: CDeprecationWarning: 
    The 'CELERY_RESULT_BACKEND' setting is deprecated and scheduled for removal in
    version 6.0.0. Use the result_backend instead

  deprecated.warn(description=f'The {setting!r} setting',

[2022-07-26 10:26:17,340: WARNING/MainProcess] /home/guest/Desktop/venv/lib/python3.8/site-packages/celery/app/utils.py:204: CDeprecationWarning: 
    The 'CELERY_TIMEZONE' setting is deprecated and scheduled for removal in
    version 6.0.0. Use the timezone instead

  deprecated.warn(description=f'The {setting!r} setting',

[2022-07-26 10:26:17,706: INFO/MainProcess] Connected to redis://127.0.0.1:6379//
[2022-07-26 10:26:17,712: INFO/MainProcess] mingle: searching for neighbors
[2022-07-26 10:26:18,728: INFO/MainProcess] mingle: all alone
[2022-07-26 10:26:18,752: WARNING/MainProcess] /home/guest/Desktop/venv/lib/python3.8/site-packages/celery/fixups/django.py:203: UserWarning: Using settings.DEBUG leads to a memory
            leak, never use this setting in production environments!
  warnings.warn('''Using settings.DEBUG leads to a memory

[2022-07-26 10:26:18,865: ERROR/MainProcess] Received unregistered task of type 'ticker_management.maintainLogs.filereader'.
The message has been ignored and discarded.

Did you remember to import the module containing this task?
Or maybe you're using relative imports?

Please see
http://docs.celeryq.org/en/latest/internals/protocol.html
for more information.

The full contents of the message body was:
b'[[], {}, {"callbacks": null, "errbacks": null, "chain": null, "chord": null}]' (77b)

Thw full contents of the message headers:
{'lang': 'py', 'task': 'ticker_management.maintainLogs.filereader', 'id': '4db8e0cb-84c0-412e-a470-7269cf6736b4', 'shadow': None, 'eta': None, 'expires': None, 'group': None, 'group_index': None, 'retries': 0, 'timelimit': [None, None], 'root_id': '4db8e0cb-84c0-412e-a470-7269cf6736b4', 'parent_id': None, 'argsrepr': '()', 'kwargsrepr': '{}', 'origin': 'gen75401@rextermac', 'ignore_result': False}

The delivery info for this task is:
{'exchange': '', 'routing_key': 'celery'}
Traceback (most recent call last):
  File "/home/guest/Desktop/venv/lib/python3.8/site-packages/celery/worker/consumer/consumer.py", line 591, in on_task_received
    strategy = strategies[type_]
KeyError: 'ticker_management.maintainLogs.filereader'
[2022-07-26 10:29:12,905: WARNING/MainProcess] /home/guest/Desktop/venv/lib/python3.8/site-packages/celery/app/utils.py:204: CDeprecationWarning: 
    The 'CELERY_RESULT_BACKEND' setting is deprecated and scheduled for removal in
    version 6.0.0. Use the result_backend instead

  deprecated.warn(description=f'The {setting!r} setting',

[2022-07-26 10:29:12,906: WARNING/MainProcess] /home/guest/Desktop/venv/lib/python3.8/site-packages/celery/app/utils.py:204: CDeprecationWarning: 
    The 'CELERY_TASK_SERIALIZER' setting is deprecated and scheduled for removal in
    version 6.0.0. Use the task_serializer instead

  deprecated.warn(description=f'The {setting!r} setting',

[2022-07-26 10:29:12,907: WARNING/MainProcess] /home/guest/Desktop/venv/lib/python3.8/site-packages/celery/app/utils.py:204: CDeprecationWarning: 
    The 'CELERY_RESULT_SERIALIZER' setting is deprecated and scheduled for removal in
    version 6.0.0. Use the result_serializer instead

  deprecated.warn(description=f'The {setting!r} setting',

[2022-07-26 10:29:12,908: WARNING/MainProcess] /home/guest/Desktop/venv/lib/python3.8/site-packages/celery/app/utils.py:204: CDeprecationWarning: 
    The 'CELERY_TIMEZONE' setting is deprecated and scheduled for removal in
    version 6.0.0. Use the timezone instead

  deprecated.warn(description=f'The {setting!r} setting',

[2022-07-26 10:29:13,435: INFO/MainProcess] Connected to redis://127.0.0.1:6379//
[2022-07-26 10:29:13,449: INFO/MainProcess] mingle: searching for neighbors
[2022-07-26 10:29:14,474: INFO/MainProcess] mingle: all alone
[2022-07-26 10:29:14,507: WARNING/MainProcess] /home/guest/Desktop/venv/lib/python3.8/site-packages/celery/fixups/django.py:203: UserWarning: Using settings.DEBUG leads to a memory
            leak, never use this setting in production environments!
  warnings.warn('''Using settings.DEBUG leads to a memory

[2022-07-26 19:05:00,026: INFO/MainProcess] Task ticker_management.tasks.callticker[e84e9f64-b4cc-4ff6-b90a-ece3a9329c6d] received
[2022-07-26 19:52:54,219: WARNING/MainProcess] /home/guest/Desktop/venv/lib/python3.8/site-packages/celery/app/utils.py:204: CDeprecationWarning: 
    The 'CELERY_TIMEZONE' setting is deprecated and scheduled for removal in
    version 6.0.0. Use the timezone instead

  deprecated.warn(description=f'The {setting!r} setting',

[2022-07-26 19:52:54,219: WARNING/MainProcess] /home/guest/Desktop/venv/lib/python3.8/site-packages/celery/app/utils.py:204: CDeprecationWarning: 
    The 'CELERY_RESULT_SERIALIZER' setting is deprecated and scheduled for removal in
    version 6.0.0. Use the result_serializer instead

  deprecated.warn(description=f'The {setting!r} setting',

[2022-07-26 19:52:54,220: WARNING/MainProcess] /home/guest/Desktop/venv/lib/python3.8/site-packages/celery/app/utils.py:204: CDeprecationWarning: 
    The 'CELERY_TASK_SERIALIZER' setting is deprecated and scheduled for removal in
    version 6.0.0. Use the task_serializer instead

  deprecated.warn(description=f'The {setting!r} setting',

[2022-07-26 19:52:54,220: WARNING/MainProcess] /home/guest/Desktop/venv/lib/python3.8/site-packages/celery/app/utils.py:204: CDeprecationWarning: 
    The 'CELERY_RESULT_BACKEND' setting is deprecated and scheduled for removal in
    version 6.0.0. Use the result_backend instead

  deprecated.warn(description=f'The {setting!r} setting',

[2022-07-26 19:52:54,413: INFO/MainProcess] Connected to redis://127.0.0.1:6379//
[2022-07-26 19:52:54,416: INFO/MainProcess] mingle: searching for neighbors
[2022-07-26 19:52:55,426: INFO/MainProcess] mingle: all alone
[2022-07-26 19:52:55,440: WARNING/MainProcess] /home/guest/Desktop/venv/lib/python3.8/site-packages/celery/fixups/django.py:203: UserWarning: Using settings.DEBUG leads to a memory
            leak, never use this setting in production environments!
  warnings.warn('''Using settings.DEBUG leads to a memory

[2022-07-27 10:29:59,635: WARNING/MainProcess] /home/guest/Desktop/venv/lib/python3.8/site-packages/celery/app/utils.py:204: CDeprecationWarning: 
    The 'CELERY_RESULT_BACKEND' setting is deprecated and scheduled for removal in
    version 6.0.0. Use the result_backend instead

  deprecated.warn(description=f'The {setting!r} setting',

[2022-07-27 10:29:59,656: WARNING/MainProcess] /home/guest/Desktop/venv/lib/python3.8/site-packages/celery/app/utils.py:204: CDeprecationWarning: 
    The 'CELERY_RESULT_SERIALIZER' setting is deprecated and scheduled for removal in
    version 6.0.0. Use the result_serializer instead

  deprecated.warn(description=f'The {setting!r} setting',

[2022-07-27 10:29:59,656: WARNING/MainProcess] /home/guest/Desktop/venv/lib/python3.8/site-packages/celery/app/utils.py:204: CDeprecationWarning: 
    The 'CELERY_TASK_SERIALIZER' setting is deprecated and scheduled for removal in
    version 6.0.0. Use the task_serializer instead

  deprecated.warn(description=f'The {setting!r} setting',

[2022-07-27 10:29:59,656: WARNING/MainProcess] /home/guest/Desktop/venv/lib/python3.8/site-packages/celery/app/utils.py:204: CDeprecationWarning: 
    The 'CELERY_TIMEZONE' setting is deprecated and scheduled for removal in
    version 6.0.0. Use the timezone instead

  deprecated.warn(description=f'The {setting!r} setting',

[2022-07-27 10:30:00,012: INFO/MainProcess] Connected to redis://127.0.0.1:6379//
[2022-07-27 10:30:00,017: INFO/MainProcess] mingle: searching for neighbors
[2022-07-27 10:30:01,029: INFO/MainProcess] mingle: all alone
[2022-07-27 10:30:01,087: WARNING/MainProcess] /home/guest/Desktop/venv/lib/python3.8/site-packages/celery/fixups/django.py:203: UserWarning: Using settings.DEBUG leads to a memory
            leak, never use this setting in production environments!
  warnings.warn('''Using settings.DEBUG leads to a memory

[2022-07-27 10:30:01,215: ERROR/MainProcess] Received unregistered task of type 'ticker_management.maintainLogs.filereader'.
The message has been ignored and discarded.

Did you remember to import the module containing this task?
Or maybe you're using relative imports?

Please see
http://docs.celeryq.org/en/latest/internals/protocol.html
for more information.

The full contents of the message body was:
b'[[], {}, {"callbacks": null, "errbacks": null, "chain": null, "chord": null}]' (77b)

Thw full contents of the message headers:
{'lang': 'py', 'task': 'ticker_management.maintainLogs.filereader', 'id': '83f05d92-5897-4fde-9a8e-2ff9d80ecbcd', 'shadow': None, 'eta': None, 'expires': None, 'group': None, 'group_index': None, 'retries': 0, 'timelimit': [None, None], 'root_id': '83f05d92-5897-4fde-9a8e-2ff9d80ecbcd', 'parent_id': None, 'argsrepr': '()', 'kwargsrepr': '{}', 'origin': 'gen5318@rextermac', 'ignore_result': False}

The delivery info for this task is:
{'exchange': '', 'routing_key': 'celery'}
Traceback (most recent call last):
  File "/home/guest/Desktop/venv/lib/python3.8/site-packages/celery/worker/consumer/consumer.py", line 591, in on_task_received
    strategy = strategies[type_]
KeyError: 'ticker_management.maintainLogs.filereader'
[2022-07-27 14:22:00,007: INFO/MainProcess] Task ticker_management.tasks.callticker[effee8df-7b8f-45d2-8544-80d13a7beeb9] received
[2022-07-27 14:25:00,005: INFO/MainProcess] Task ticker_management.tasks.callticker[f4df2069-ab5d-48cc-82cf-b32855a42195] received
[2022-07-27 19:46:53,384: WARNING/MainProcess] /home/guest/Desktop/venv/lib/python3.8/site-packages/celery/app/utils.py:204: CDeprecationWarning: 
    The 'CELERY_TASK_SERIALIZER' setting is deprecated and scheduled for removal in
    version 6.0.0. Use the task_serializer instead

  deprecated.warn(description=f'The {setting!r} setting',

[2022-07-27 19:46:53,384: WARNING/MainProcess] /home/guest/Desktop/venv/lib/python3.8/site-packages/celery/app/utils.py:204: CDeprecationWarning: 
    The 'CELERY_RESULT_BACKEND' setting is deprecated and scheduled for removal in
    version 6.0.0. Use the result_backend instead

  deprecated.warn(description=f'The {setting!r} setting',

[2022-07-27 19:46:53,384: WARNING/MainProcess] /home/guest/Desktop/venv/lib/python3.8/site-packages/celery/app/utils.py:204: CDeprecationWarning: 
    The 'CELERY_RESULT_SERIALIZER' setting is deprecated and scheduled for removal in
    version 6.0.0. Use the result_serializer instead

  deprecated.warn(description=f'The {setting!r} setting',

[2022-07-27 19:46:53,384: WARNING/MainProcess] /home/guest/Desktop/venv/lib/python3.8/site-packages/celery/app/utils.py:204: CDeprecationWarning: 
    The 'CELERY_TIMEZONE' setting is deprecated and scheduled for removal in
    version 6.0.0. Use the timezone instead

  deprecated.warn(description=f'The {setting!r} setting',

[2022-07-27 19:46:53,574: INFO/MainProcess] Connected to redis://127.0.0.1:6379//
[2022-07-27 19:46:53,576: INFO/MainProcess] mingle: searching for neighbors
[2022-07-27 19:46:54,587: INFO/MainProcess] mingle: all alone
[2022-07-27 19:46:54,602: WARNING/MainProcess] /home/guest/Desktop/venv/lib/python3.8/site-packages/celery/fixups/django.py:203: UserWarning: Using settings.DEBUG leads to a memory
            leak, never use this setting in production environments!
  warnings.warn('''Using settings.DEBUG leads to a memory

[2022-07-28 00:00:00,049: ERROR/MainProcess] Received unregistered task of type 'ticker_management.views.syncDVSData'.
The message has been ignored and discarded.

Did you remember to import the module containing this task?
Or maybe you're using relative imports?

Please see
http://docs.celeryq.org/en/latest/internals/protocol.html
for more information.

The full contents of the message body was:
b'[[], {}, {"callbacks": null, "errbacks": null, "chain": null, "chord": null}]' (77b)

Thw full contents of the message headers:
{'lang': 'py', 'task': 'ticker_management.views.syncDVSData', 'id': '94dc45ae-8682-48f3-b19c-e1b0e04f990a', 'shadow': None, 'eta': None, 'expires': None, 'group': None, 'group_index': None, 'retries': 0, 'timelimit': [None, None], 'root_id': '94dc45ae-8682-48f3-b19c-e1b0e04f990a', 'parent_id': None, 'argsrepr': '()', 'kwargsrepr': '{}', 'origin': 'gen18846@rextermac', 'ignore_result': False}

The delivery info for this task is:
{'exchange': '', 'routing_key': 'celery'}
Traceback (most recent call last):
  File "/home/guest/Desktop/venv/lib/python3.8/site-packages/celery/worker/consumer/consumer.py", line 591, in on_task_received
    strategy = strategies[type_]
KeyError: 'ticker_management.views.syncDVSData'
[2022-07-28 00:00:00,130: ERROR/MainProcess] Received unregistered task of type 'ticker_management.maintainLogs.filereader'.
The message has been ignored and discarded.

Did you remember to import the module containing this task?
Or maybe you're using relative imports?

Please see
http://docs.celeryq.org/en/latest/internals/protocol.html
for more information.

The full contents of the message body was:
b'[[], {}, {"callbacks": null, "errbacks": null, "chain": null, "chord": null}]' (77b)

Thw full contents of the message headers:
{'lang': 'py', 'task': 'ticker_management.maintainLogs.filereader', 'id': '70abf740-4b50-44ae-907f-2495212c6774', 'shadow': None, 'eta': None, 'expires': None, 'group': None, 'group_index': None, 'retries': 0, 'timelimit': [None, None], 'root_id': '70abf740-4b50-44ae-907f-2495212c6774', 'parent_id': None, 'argsrepr': '()', 'kwargsrepr': '{}', 'origin': 'gen18846@rextermac', 'ignore_result': False}

The delivery info for this task is:
{'exchange': '', 'routing_key': 'celery'}
Traceback (most recent call last):
  File "/home/guest/Desktop/venv/lib/python3.8/site-packages/celery/worker/consumer/consumer.py", line 591, in on_task_received
    strategy = strategies[type_]
KeyError: 'ticker_management.maintainLogs.filereader'
[2022-07-28 00:00:00,196: ERROR/MainProcess] Received unregistered task of type 'ticker_management.maintainLogs.filereader'.
The message has been ignored and discarded.

Did you remember to import the module containing this task?
Or maybe you're using relative imports?

Please see
http://docs.celeryq.org/en/latest/internals/protocol.html
for more information.

The full contents of the message body was:
b'[[], {}, {"callbacks": null, "errbacks": null, "chain": null, "chord": null}]' (77b)

Thw full contents of the message headers:
{'lang': 'py', 'task': 'ticker_management.maintainLogs.filereader', 'id': '097a167c-80b2-4aa0-b600-0a38c27d2dc3', 'shadow': None, 'eta': None, 'expires': None, 'group': None, 'group_index': None, 'retries': 0, 'timelimit': [None, None], 'root_id': '097a167c-80b2-4aa0-b600-0a38c27d2dc3', 'parent_id': None, 'argsrepr': '()', 'kwargsrepr': '{}', 'origin': 'gen18846@rextermac', 'ignore_result': False}

The delivery info for this task is:
{'exchange': '', 'routing_key': 'celery'}
Traceback (most recent call last):
  File "/home/guest/Desktop/venv/lib/python3.8/site-packages/celery/worker/consumer/consumer.py", line 591, in on_task_received
    strategy = strategies[type_]
KeyError: 'ticker_management.maintainLogs.filereader'
[2022-07-28 11:11:20,836: WARNING/MainProcess] /home/guest/Desktop/venv/lib/python3.8/site-packages/celery/app/utils.py:204: CDeprecationWarning: 
    The 'CELERY_RESULT_BACKEND' setting is deprecated and scheduled for removal in
    version 6.0.0. Use the result_backend instead

  deprecated.warn(description=f'The {setting!r} setting',

[2022-07-28 11:11:20,836: WARNING/MainProcess] /home/guest/Desktop/venv/lib/python3.8/site-packages/celery/app/utils.py:204: CDeprecationWarning: 
    The 'CELERY_TASK_SERIALIZER' setting is deprecated and scheduled for removal in
    version 6.0.0. Use the task_serializer instead

  deprecated.warn(description=f'The {setting!r} setting',

[2022-07-28 11:11:20,837: WARNING/MainProcess] /home/guest/Desktop/venv/lib/python3.8/site-packages/celery/app/utils.py:204: CDeprecationWarning: 
    The 'CELERY_TIMEZONE' setting is deprecated and scheduled for removal in
    version 6.0.0. Use the timezone instead

  deprecated.warn(description=f'The {setting!r} setting',

[2022-07-28 11:11:20,837: WARNING/MainProcess] /home/guest/Desktop/venv/lib/python3.8/site-packages/celery/app/utils.py:204: CDeprecationWarning: 
    The 'CELERY_RESULT_SERIALIZER' setting is deprecated and scheduled for removal in
    version 6.0.0. Use the result_serializer instead

  deprecated.warn(description=f'The {setting!r} setting',

[2022-07-28 11:11:21,029: INFO/MainProcess] Connected to redis://127.0.0.1:6379//
[2022-07-28 11:11:21,032: INFO/MainProcess] mingle: searching for neighbors
[2022-07-28 11:11:22,042: INFO/MainProcess] mingle: all alone
[2022-07-28 11:11:22,057: WARNING/MainProcess] /home/guest/Desktop/venv/lib/python3.8/site-packages/celery/fixups/django.py:203: UserWarning: Using settings.DEBUG leads to a memory
            leak, never use this setting in production environments!
  warnings.warn('''Using settings.DEBUG leads to a memory

[2022-07-28 15:38:49,089: WARNING/MainProcess] /home/guest/Desktop/venv/lib/python3.8/site-packages/celery/app/utils.py:204: CDeprecationWarning: 
    The 'CELERY_TASK_SERIALIZER' setting is deprecated and scheduled for removal in
    version 6.0.0. Use the task_serializer instead

  deprecated.warn(description=f'The {setting!r} setting',

[2022-07-28 15:38:49,122: WARNING/MainProcess] /home/guest/Desktop/venv/lib/python3.8/site-packages/celery/app/utils.py:204: CDeprecationWarning: 
    The 'CELERY_RESULT_SERIALIZER' setting is deprecated and scheduled for removal in
    version 6.0.0. Use the result_serializer instead

  deprecated.warn(description=f'The {setting!r} setting',

[2022-07-28 15:38:49,122: WARNING/MainProcess] /home/guest/Desktop/venv/lib/python3.8/site-packages/celery/app/utils.py:204: CDeprecationWarning: 
    The 'CELERY_RESULT_BACKEND' setting is deprecated and scheduled for removal in
    version 6.0.0. Use the result_backend instead

  deprecated.warn(description=f'The {setting!r} setting',

[2022-07-28 15:38:49,123: WARNING/MainProcess] /home/guest/Desktop/venv/lib/python3.8/site-packages/celery/app/utils.py:204: CDeprecationWarning: 
    The 'CELERY_TIMEZONE' setting is deprecated and scheduled for removal in
    version 6.0.0. Use the timezone instead

  deprecated.warn(description=f'The {setting!r} setting',

[2022-07-28 15:38:49,738: INFO/MainProcess] Connected to redis://127.0.0.1:6379//
[2022-07-28 15:38:49,743: INFO/MainProcess] mingle: searching for neighbors
[2022-07-28 15:38:50,754: INFO/MainProcess] mingle: all alone
[2022-07-28 15:38:50,791: WARNING/MainProcess] /home/guest/Desktop/venv/lib/python3.8/site-packages/celery/fixups/django.py:203: UserWarning: Using settings.DEBUG leads to a memory
            leak, never use this setting in production environments!
  warnings.warn('''Using settings.DEBUG leads to a memory

[2022-07-28 15:55:50,337: WARNING/MainProcess] /home/guest/Desktop/venv/lib/python3.8/site-packages/celery/app/utils.py:204: CDeprecationWarning: 
    The 'CELERY_RESULT_BACKEND' setting is deprecated and scheduled for removal in
    version 6.0.0. Use the result_backend instead

  deprecated.warn(description=f'The {setting!r} setting',

[2022-07-28 15:55:50,337: WARNING/MainProcess] /home/guest/Desktop/venv/lib/python3.8/site-packages/celery/app/utils.py:204: CDeprecationWarning: 
    The 'CELERY_RESULT_SERIALIZER' setting is deprecated and scheduled for removal in
    version 6.0.0. Use the result_serializer instead

  deprecated.warn(description=f'The {setting!r} setting',

[2022-07-28 15:55:50,337: WARNING/MainProcess] /home/guest/Desktop/venv/lib/python3.8/site-packages/celery/app/utils.py:204: CDeprecationWarning: 
    The 'CELERY_TIMEZONE' setting is deprecated and scheduled for removal in
    version 6.0.0. Use the timezone instead

  deprecated.warn(description=f'The {setting!r} setting',

[2022-07-28 15:55:50,337: WARNING/MainProcess] /home/guest/Desktop/venv/lib/python3.8/site-packages/celery/app/utils.py:204: CDeprecationWarning: 
    The 'CELERY_TASK_SERIALIZER' setting is deprecated and scheduled for removal in
    version 6.0.0. Use the task_serializer instead

  deprecated.warn(description=f'The {setting!r} setting',

[2022-07-28 15:55:50,529: INFO/MainProcess] Connected to redis://127.0.0.1:6379//
[2022-07-28 15:55:50,531: INFO/MainProcess] mingle: searching for neighbors
[2022-07-28 15:55:51,544: INFO/MainProcess] mingle: all alone
[2022-07-28 15:55:51,559: WARNING/MainProcess] /home/guest/Desktop/venv/lib/python3.8/site-packages/celery/fixups/django.py:203: UserWarning: Using settings.DEBUG leads to a memory
            leak, never use this setting in production environments!
  warnings.warn('''Using settings.DEBUG leads to a memory

[2022-07-29 00:00:00,048: ERROR/MainProcess] Received unregistered task of type 'ticker_management.maintainLogs.filereader'.
The message has been ignored and discarded.

Did you remember to import the module containing this task?
Or maybe you're using relative imports?

Please see
http://docs.celeryq.org/en/latest/internals/protocol.html
for more information.

The full contents of the message body was:
b'[[], {}, {"callbacks": null, "errbacks": null, "chain": null, "chord": null}]' (77b)

Thw full contents of the message headers:
{'lang': 'py', 'task': 'ticker_management.maintainLogs.filereader', 'id': '7214b3d2-0344-4794-80f4-6e0605174295', 'shadow': None, 'eta': None, 'expires': None, 'group': None, 'group_index': None, 'retries': 0, 'timelimit': [None, None], 'root_id': '7214b3d2-0344-4794-80f4-6e0605174295', 'parent_id': None, 'argsrepr': '()', 'kwargsrepr': '{}', 'origin': 'gen7469@rextermac', 'ignore_result': False}

The delivery info for this task is:
{'exchange': '', 'routing_key': 'celery'}
Traceback (most recent call last):
  File "/home/guest/Desktop/venv/lib/python3.8/site-packages/celery/worker/consumer/consumer.py", line 591, in on_task_received
    strategy = strategies[type_]
KeyError: 'ticker_management.maintainLogs.filereader'
[2022-07-29 00:00:00,167: ERROR/MainProcess] Received unregistered task of type 'ticker_management.views.syncDVSData'.
The message has been ignored and discarded.

Did you remember to import the module containing this task?
Or maybe you're using relative imports?

Please see
http://docs.celeryq.org/en/latest/internals/protocol.html
for more information.

The full contents of the message body was:
b'[[], {}, {"callbacks": null, "errbacks": null, "chain": null, "chord": null}]' (77b)

Thw full contents of the message headers:
{'lang': 'py', 'task': 'ticker_management.views.syncDVSData', 'id': '65a3335c-c61d-4ed6-aa8f-bf16b85b10d1', 'shadow': None, 'eta': None, 'expires': None, 'group': None, 'group_index': None, 'retries': 0, 'timelimit': [None, None], 'root_id': '65a3335c-c61d-4ed6-aa8f-bf16b85b10d1', 'parent_id': None, 'argsrepr': '()', 'kwargsrepr': '{}', 'origin': 'gen7469@rextermac', 'ignore_result': False}

The delivery info for this task is:
{'exchange': '', 'routing_key': 'celery'}
Traceback (most recent call last):
  File "/home/guest/Desktop/venv/lib/python3.8/site-packages/celery/worker/consumer/consumer.py", line 591, in on_task_received
    strategy = strategies[type_]
KeyError: 'ticker_management.views.syncDVSData'
[2022-07-29 00:00:00,233: ERROR/MainProcess] Received unregistered task of type 'ticker_management.maintainLogs.filereader'.
The message has been ignored and discarded.

Did you remember to import the module containing this task?
Or maybe you're using relative imports?

Please see
http://docs.celeryq.org/en/latest/internals/protocol.html
for more information.

The full contents of the message body was:
b'[[], {}, {"callbacks": null, "errbacks": null, "chain": null, "chord": null}]' (77b)

Thw full contents of the message headers:
{'lang': 'py', 'task': 'ticker_management.maintainLogs.filereader', 'id': 'f35e7e6a-cf63-44c2-baec-ae4475eb67ea', 'shadow': None, 'eta': None, 'expires': None, 'group': None, 'group_index': None, 'retries': 0, 'timelimit': [None, None], 'root_id': 'f35e7e6a-cf63-44c2-baec-ae4475eb67ea', 'parent_id': None, 'argsrepr': '()', 'kwargsrepr': '{}', 'origin': 'gen7469@rextermac', 'ignore_result': False}

The delivery info for this task is:
{'exchange': '', 'routing_key': 'celery'}
Traceback (most recent call last):
  File "/home/guest/Desktop/venv/lib/python3.8/site-packages/celery/worker/consumer/consumer.py", line 591, in on_task_received
    strategy = strategies[type_]
KeyError: 'ticker_management.maintainLogs.filereader'
