ERROR 2022-07-25 15:24:33,421 :  views 55030 Error: TickerDetails matching query does not exist. from function detail in line no. 252
ERROR 2022-07-25 17:56:20,775 :  views 55030 Error: Could not parse the remainder: '[ticker_id]' from 'rundeckLog[ticker_id]' from function detail in line no. 252
ERROR 2022-07-25 18:01:26,628 :  views 55030 Error: Could not parse the remainder: '[ticker_id]' from 'rundeckLog.0.[ticker_id]' from function detail in line no. 252
ERROR 2022-07-25 18:03:56,723 :  views 55030 Error: Could not parse the remainder: '[0]' from 'rundeckLog.0.[0]' from function detail in line no. 252
ERROR 2022-07-25 18:57:30,459 :  views 66054 Error: TickerDetails matching query does not exist. from function detail in line no. 253
ERROR 2022-07-25 18:58:23,428 :  views 66054 Error: TickerDetails matching query does not exist. from function detail in line no. 253
ERROR 2022-07-26 12:54:51,085 :  gadget 84252 can only concatenate str (not "AttributeError") to str from function datagetter in line no. 406
ERROR 2022-07-26 12:56:00,367 :  gadget 84252 can only concatenate str (not "AttributeError") to str from function datagetter in line no. 406
ERROR 2022-07-26 12:56:42,988 :  gadget 84252 can only concatenate str (not "AttributeError") to str from function datagetter in line no. 406
ERROR 2022-07-26 13:09:40,782 :  gadget 85716 can only concatenate str (not "AttributeError") to str from function datagetter in line no. 404
ERROR 2022-07-26 15:54:06,825 :  gadget 91676 can only concatenate str (not "TypeError") to str from function datagetter in line no. 404
ERROR 2022-07-26 15:58:57,765 :  gadget 91676 can only concatenate str (not "TypeError") to str from function datagetter in line no. 404
ERROR 2022-07-26 16:06:02,624 :  gadget 92158 can only concatenate str (not "TypeError") to str from function datagetter in line no. 404
ERROR 2022-07-26 16:06:24,120 :  gadget 92158 can only concatenate str (not "TypeError") to str from function datagetter in line no. 404
ERROR 2022-07-26 16:08:16,672 :  gadget 92158 can only concatenate str (not "TypeError") to str from function datagetter in line no. 404
ERROR 2022-07-27 11:20:51,540 :  gadget 5189 can only concatenate str (not "ValueError") to str from function datagetter in line no. 404
ERROR 2022-07-27 11:43:24,278 :  gadget 7984 can only concatenate str (not "ValueError") to str from function datagetter in line no. 404
ERROR 2022-07-27 12:07:21,971 :  gadget 8899 can only concatenate str (not "ValueError") to str from function datagetter in line no. 406
ERROR 2022-07-27 12:19:41,674 :  gadget 9641 can only concatenate str (not "ValueError") to str from function datagetter in line no. 409
ERROR 2022-07-27 12:21:21,146 :  gadget 9751 can only concatenate str (not "ValueError") to str from function datagetter in line no. 409
ERROR 2022-07-27 12:32:35,669 :  gadget 10026 can only concatenate str (not "ValueError") to str from function datagetter in line no. 411
ERROR 2022-07-27 12:35:54,868 :  gadget 10204 can only concatenate str (not "ValueError") to str from function datagetter in line no. 411
ERROR 2022-07-27 12:37:49,818 :  gadget 10325 can only concatenate str (not "ValueError") to str from function datagetter in line no. 411
ERROR 2022-07-27 12:39:07,540 :  gadget 10432 can only concatenate str (not "ValueError") to str from function datagetter in line no. 411
ERROR 2022-07-27 12:40:20,700 :  gadget 10527 can only concatenate str (not "ValueError") to str from function datagetter in line no. 411
ERROR 2022-07-27 12:44:20,011 :  gadget 10696 can only concatenate str (not "ValueError") to str from function datagetter in line no. 411
ERROR 2022-07-27 16:12:23,763 :  gadget 14986 can only concatenate str (not "ValueError") to str from function datagetter in line no. 403
ERROR 2022-07-27 16:14:15,159 :  gadget 15089 can only concatenate str (not "ValueError") to str from function datagetter in line no. 403
ERROR 2022-07-27 18:44:10,386 :  views 15236 Error: TickerDetails matching query does not exist. from function detail in line no. 263
ERROR 2022-07-27 18:44:12,800 :  views 15236 Error: TickerDetails matching query does not exist. from function detail in line no. 263
ERROR 2022-07-28 17:09:31,107 :  gadget 6973 can only concatenate str (not "ValueError") to str from function datagetter in line no. 403
