ERROR 2022-07-25 17:56:20,775 :  views 55030 Error: Could not parse the remainder: '[ticker_id]' from 'rundeckLog[ticker_id]' from function detail in line no. 252
ERROR 2022-07-25 18:01:26,628 :  views 55030 Error: Could not parse the remainder: '[ticker_id]' from 'rundeckLog.0.[ticker_id]' from function detail in line no. 252
ERROR 2022-07-25 18:03:56,723 :  views 55030 Error: Could not parse the remainder: '[0]' from 'rundeckLog.0.[0]' from function detail in line no. 252
ERROR 2022-07-25 18:57:30,459 :  views 66054 Error: TickerDetails matching query does not exist. from function detail in line no. 253
ERROR 2022-07-26 12:54:51,085 :  gadget 84252 can only concatenate str (not "AttributeError") to str from function datagetter in line no. 406
ERROR 2022-07-26 12:56:00,367 :  gadget 84252 can only concatenate str (not "AttributeError") to str from function datagetter in line no. 406
ERROR 2022-07-26 12:56:42,988 :  gadget 84252 can only concatenate str (not "AttributeError") to str from function datagetter in line no. 406
ERROR 2022-07-26 13:09:40,782 :  gadget 85716 can only concatenate str (not "AttributeError") to str from function datagetter in line no. 404
INFO 2022-07-26 13:13:13,886 :  gadget 85903 No Image for upload from function FileUploader in line no. 109
INFO 2022-07-26 15:54:06,727 :  gadget 91676 No Image for upload from function FileUploader in line no. 109
ERROR 2022-07-26 15:54:06,825 :  gadget 91676 can only concatenate str (not "TypeError") to str from function datagetter in line no. 404
ERROR 2022-07-26 15:58:57,765 :  gadget 91676 can only concatenate str (not "TypeError") to str from function datagetter in line no. 404
INFO 2022-07-26 16:03:55,634 :  gadget 91979 No Image for upload from function FileUploader in line no. 109
INFO 2022-07-26 16:06:02,522 :  gadget 92158 No Image for upload from function FileUploader in line no. 109
ERROR 2022-07-26 16:06:02,624 :  gadget 92158 can only concatenate str (not "TypeError") to str from function datagetter in line no. 404
INFO 2022-07-26 16:06:23,850 :  gadget 92158 No Image for upload from function FileUploader in line no. 109
ERROR 2022-07-26 16:06:24,120 :  gadget 92158 can only concatenate str (not "TypeError") to str from function datagetter in line no. 404
INFO 2022-07-26 16:08:16,595 :  gadget 92158 No Image for upload from function FileUploader in line no. 109
ERROR 2022-07-26 16:08:16,672 :  gadget 92158 can only concatenate str (not "TypeError") to str from function datagetter in line no. 404
INFO 2022-07-26 16:10:01,774 :  gadget 92435 No Image for upload from function FileUploader in line no. 109
INFO 2022-07-26 16:12:47,695 :  gadget 92564 No Image for upload from function FileUploader in line no. 109
INFO 2022-07-26 16:14:16,485 :  gadget 92741 No Image for upload from function FileUploader in line no. 109
INFO 2022-07-26 16:17:15,727 :  gadget 92943 No Image for upload from function FileUploader in line no. 109
INFO 2022-07-26 16:19:48,356 :  gadget 93214 No Image for upload from function FileUploader in line no. 109
INFO 2022-07-26 16:20:36,535 :  gadget 93334 No Image for upload from function FileUploader in line no. 109
INFO 2022-07-26 16:25:11,395 :  gadget 93481 No Image for upload from function FileUploader in line no. 109
INFO 2022-07-26 16:30:12,667 :  gadget 93798 No Image for upload from function FileUploader in line no. 109
INFO 2022-07-26 19:12:50,669 :  gadget 96574 No Image for upload from function FileUploader in line no. 109
INFO 2022-07-26 19:21:16,734 :  gadget 96574 No Image for upload from function FileUploader in line no. 109
INFO 2022-07-26 19:26:49,398 :  gadget 96574 No Image for upload from function FileUploader in line no. 109
INFO 2022-07-27 11:11:11,813 :  gadget 5189 No Image for upload from function FileUploader in line no. 109
INFO 2022-07-27 11:13:20,049 :  gadget 5189 No Image for upload from function FileUploader in line no. 109
INFO 2022-07-27 11:15:25,224 :  gadget 5189 No Image for upload from function FileUploader in line no. 109
INFO 2022-07-27 11:17:10,120 :  gadget 5189 No Image for upload from function FileUploader in line no. 109
ERROR 2022-07-27 11:20:51,540 :  gadget 5189 can only concatenate str (not "ValueError") to str from function datagetter in line no. 404
INFO 2022-07-27 11:22:01,060 :  gadget 5189 No Image for upload from function FileUploader in line no. 109
INFO 2022-07-27 11:43:24,158 :  gadget 7984 No Image for upload from function FileUploader in line no. 109
ERROR 2022-07-27 11:43:24,278 :  gadget 7984 can only concatenate str (not "ValueError") to str from function datagetter in line no. 404
ERROR 2022-07-27 12:07:21,971 :  gadget 8899 can only concatenate str (not "ValueError") to str from function datagetter in line no. 406
INFO 2022-07-27 12:12:49,175 :  gadget 9408 No Image for upload from function FileUploader in line no. 109
INFO 2022-07-27 12:19:41,461 :  gadget 9641 No Image for upload from function FileUploader in line no. 109
ERROR 2022-07-27 12:19:41,674 :  gadget 9641 can only concatenate str (not "ValueError") to str from function datagetter in line no. 409
INFO 2022-07-27 12:21:20,966 :  gadget 9751 No Image for upload from function FileUploader in line no. 109
ERROR 2022-07-27 12:21:21,146 :  gadget 9751 can only concatenate str (not "ValueError") to str from function datagetter in line no. 409
INFO 2022-07-27 12:32:35,460 :  gadget 10026 No Image for upload from function FileUploader in line no. 109
ERROR 2022-07-27 12:32:35,669 :  gadget 10026 can only concatenate str (not "ValueError") to str from function datagetter in line no. 411
INFO 2022-07-27 12:35:54,668 :  gadget 10204 No Image for upload from function FileUploader in line no. 109
ERROR 2022-07-27 12:35:54,868 :  gadget 10204 can only concatenate str (not "ValueError") to str from function datagetter in line no. 411
INFO 2022-07-27 12:37:49,621 :  gadget 10325 No Image for upload from function FileUploader in line no. 109
ERROR 2022-07-27 12:37:49,818 :  gadget 10325 can only concatenate str (not "ValueError") to str from function datagetter in line no. 411
INFO 2022-07-27 12:39:07,360 :  gadget 10432 No Image for upload from function FileUploader in line no. 109
ERROR 2022-07-27 12:39:07,540 :  gadget 10432 can only concatenate str (not "ValueError") to str from function datagetter in line no. 411
INFO 2022-07-27 12:40:20,504 :  gadget 10527 No Image for upload from function FileUploader in line no. 109
ERROR 2022-07-27 12:40:20,700 :  gadget 10527 can only concatenate str (not "ValueError") to str from function datagetter in line no. 411
INFO 2022-07-27 12:44:19,818 :  gadget 10696 No Image for upload from function FileUploader in line no. 109
ERROR 2022-07-27 12:44:20,011 :  gadget 10696 can only concatenate str (not "ValueError") to str from function datagetter in line no. 411
INFO 2022-07-27 12:57:30,476 :  gadget 11121 No Image for upload from function FileUploader in line no. 109
INFO 2022-07-27 14:23:10,179 :  gadget 11349 No Image for upload from function FileUploader in line no. 109
INFO 2022-07-27 16:12:23,653 :  gadget 14986 No Image for upload from function FileUploader in line no. 107
ERROR 2022-07-27 16:12:23,763 :  gadget 14986 can only concatenate str (not "ValueError") to str from function datagetter in line no. 403
INFO 2022-07-27 16:14:15,056 :  gadget 15089 No Image for upload from function FileUploader in line no. 107
ERROR 2022-07-27 16:14:15,159 :  gadget 15089 can only concatenate str (not "ValueError") to str from function datagetter in line no. 403
ERROR 2022-07-27 18:44:10,386 :  views 15236 Error: TickerDetails matching query does not exist. from function detail in line no. 263
ERROR 2022-07-27 18:44:12,800 :  views 15236 Error: TickerDetails matching query does not exist. from function detail in line no. 263
INFO 2022-07-28 11:29:29,131 :  views 24253 No image found for 352 ticker id from function isDelete in line no. 430
ERROR 2022-07-28 17:09:31,107 :  gadget 6973 can only concatenate str (not "ValueError") to str from function datagetter in line no. 403
INFO 2022-07-28 17:10:09,897 :  gadget 6973 No Image for upload from function FileUploader in line no. 107
INFO 2022-07-28 17:15:28,559 :  gadget 6973 No Image for upload from function FileUploader in line no. 107
INFO 2022-07-30 12:07:18,251 :  gadget 44680 No Image for upload from function FileUploader in line no. 107
